2014-12-21 20:45:36.859 WhatsDue[26736:2793768] Apache Cordova native platform version 3.7.0 is starting.
2014-12-21 20:45:36.860 WhatsDue[26736:2793768] Multi-tasking -> Device: YES, App: YES
2014-12-21 20:45:36.889 WhatsDue[26736:2793768] Unlimited access to network resources
2014-12-21 20:45:36.909 WhatsDue[26736:2793768] 

Started backup to iCloud! Please be careful.
Your application might be rejected by Apple if you store too much data.
For more information please read "iOS Data Storage Guidelines" at:
https://developer.apple.com/icloud/documentation/data-storage/
To disable web storage backup to iCloud, set the BackupWebStorage preference to "local" in the Cordova config.xml file

2014-12-21 20:45:37.130 WhatsDue[26736:2793768] [CDVTimer][keyboard] 0.051022ms
2014-12-21 20:45:37.130 WhatsDue[26736:2793768] [CDVTimer][localnotification] 0.032008ms
2014-12-21 20:45:37.130 WhatsDue[26736:2793768] [CDVTimer][localnotification] 0.004947ms
2014-12-21 20:45:37.176 WhatsDue[26736:2793768] [CDVTimer][splashscreen] 45.922995ms
2014-12-21 20:45:37.176 WhatsDue[26736:2793768] [CDVTimer][TotalPluginStartup] 46.437025ms
2014-12-21 20:45:37.213 WhatsDue[26736:2793768] active
2014-12-21 20:45:37.354 WhatsDue[26736:2793768] Resetting plugins due to page load.
2014-12-21 20:45:37.994 WhatsDue[26736:2793768] Finished load of: file:///Users/Dan/Library/Developer/CoreSimulator/Devices/A6C7657C-FD7E-4F98-A6FE-378409F42F60/data/Containers/Bundle/Application/8F1ABF71-3F6A-4658-B9E6-84C733FBFE0D/WhatsDue.app/www/index.html#/enrolled
2014-12-21 20:45:38.369 WhatsDue[26736:2793768] ERROR: Method 'show:' not defined in Plugin 'Keyboard'
2014-12-21 20:45:38.369 WhatsDue[26736:2793768] -[CDVCommandQueue executePending] [Line 158] FAILED pluginJSON = [
  "INVALID",
  "Keyboard",
  "show",
  [

  ]
]
2014-12-21 20:46:08.387 WhatsDue[26736:2793768] ERROR: Method 'show:' not defined in Plugin 'Keyboard'
2014-12-21 20:46:08.387 WhatsDue[26736:2793768] -[CDVCommandQueue executePending] [Line 158] FAILED pluginJSON = [
  "INVALID",
  "Keyboard",
  "show",
  [

  ]
]
2014-12-21 20:49:34.323 WhatsDue[26982:2799691] Apache Cordova native platform version 3.7.0 is starting.
2014-12-21 20:49:34.324 WhatsDue[26982:2799691] Multi-tasking -> Device: YES, App: YES
2014-12-21 20:49:34.325 WhatsDue[26982:2799691] Unlimited access to network resources
2014-12-21 20:49:34.327 WhatsDue[26982:2799691] 

Started backup to iCloud! Please be careful.
Your application might be rejected by Apple if you store too much data.
For more information please read "iOS Data Storage Guidelines" at:
https://developer.apple.com/icloud/documentation/data-storage/
To disable web storage backup to iCloud, set the BackupWebStorage preference to "local" in the Cordova config.xml file

2014-12-21 20:49:34.502 WhatsDue[26982:2799691] [CDVTimer][keyboard] 0.051022ms
2014-12-21 20:49:34.502 WhatsDue[26982:2799691] [CDVTimer][localnotification] 0.048041ms
2014-12-21 20:49:34.502 WhatsDue[26982:2799691] [CDVTimer][localnotification] 0.005007ms
2014-12-21 20:49:34.549 WhatsDue[26982:2799691] [CDVTimer][splashscreen] 46.635985ms
2014-12-21 20:49:34.549 WhatsDue[26982:2799691] [CDVTimer][TotalPluginStartup] 47.262967ms
2014-12-21 20:49:34.573 WhatsDue[26982:2799691] active
2014-12-21 20:49:34.633 WhatsDue[26982:2799691] Resetting plugins due to page load.
2014-12-21 20:49:35.227 WhatsDue[26982:2799691] Finished load of: file:///Users/Dan/Library/Developer/CoreSimulator/Devices/A6C7657C-FD7E-4F98-A6FE-378409F42F60/data/Containers/Bundle/Application/C11056C7-8B91-48C2-B331-7DE3777F772D/WhatsDue.app/www/index.html
2014-12-21 20:51:58.661 WhatsDue[27216:2803332] Apache Cordova native platform version 3.7.0 is starting.
2014-12-21 20:51:58.662 WhatsDue[27216:2803332] Multi-tasking -> Device: YES, App: YES
2014-12-21 20:51:58.663 WhatsDue[27216:2803332] Unlimited access to network resources
2014-12-21 20:51:58.665 WhatsDue[27216:2803332] 

Started backup to iCloud! Please be careful.
Your application might be rejected by Apple if you store too much data.
For more information please read "iOS Data Storage Guidelines" at:
https://developer.apple.com/icloud/documentation/data-storage/
To disable web storage backup to iCloud, set the BackupWebStorage preference to "local" in the Cordova config.xml file

2014-12-21 20:51:58.874 WhatsDue[27216:2803332] [CDVTimer][keyboard] 0.087023ms
2014-12-21 20:51:58.875 WhatsDue[27216:2803332] [CDVTimer][localnotification] 0.055969ms
2014-12-21 20:51:58.875 WhatsDue[27216:2803332] [CDVTimer][localnotification] 0.006974ms
2014-12-21 20:51:58.898 WhatsDue[27216:2803332] [CDVTimer][splashscreen] 22.889018ms
2014-12-21 20:51:58.898 WhatsDue[27216:2803332] [CDVTimer][TotalPluginStartup] 23.799002ms
2014-12-21 20:51:58.927 WhatsDue[27216:2803332] active
2014-12-21 20:51:58.967 WhatsDue[27216:2803332] Resetting plugins due to page load.
2014-12-21 20:51:59.578 WhatsDue[27216:2803332] Finished load of: file:///Users/Dan/Library/Developer/CoreSimulator/Devices/A6C7657C-FD7E-4F98-A6FE-378409F42F60/data/Containers/Bundle/Application/131C7A89-81BA-4719-8EE8-EA67D4FB0747/WhatsDue.app/www/index.html
2014-12-21 20:53:34.726 WhatsDue[27446:2805874] Apache Cordova native platform version 3.7.0 is starting.
2014-12-21 20:53:34.727 WhatsDue[27446:2805874] Multi-tasking -> Device: YES, App: YES
2014-12-21 20:53:34.728 WhatsDue[27446:2805874] Unlimited access to network resources
2014-12-21 20:53:34.730 WhatsDue[27446:2805874] 

Started backup to iCloud! Please be careful.
Your application might be rejected by Apple if you store too much data.
For more information please read "iOS Data Storage Guidelines" at:
https://developer.apple.com/icloud/documentation/data-storage/
To disable web storage backup to iCloud, set the BackupWebStorage preference to "local" in the Cordova config.xml file

2014-12-21 20:53:34.909 WhatsDue[27446:2805874] [CDVTimer][keyboard] 0.052035ms
2014-12-21 20:53:34.909 WhatsDue[27446:2805874] [CDVTimer][localnotification] 0.032008ms
2014-12-21 20:53:34.909 WhatsDue[27446:2805874] [CDVTimer][localnotification] 0.005007ms
2014-12-21 20:53:34.924 WhatsDue[27446:2805874] [CDVTimer][splashscreen] 14.447987ms
2014-12-21 20:53:34.924 WhatsDue[27446:2805874] [CDVTimer][TotalPluginStartup] 15.031993ms
2014-12-21 20:53:34.942 WhatsDue[27446:2805874] active
2014-12-21 20:53:34.988 WhatsDue[27446:2805874] Resetting plugins due to page load.
2014-12-21 20:53:35.748 WhatsDue[27446:2805874] Finished load of: file:///Users/Dan/Library/Developer/CoreSimulator/Devices/A6C7657C-FD7E-4F98-A6FE-378409F42F60/data/Containers/Bundle/Application/B2BFDD0D-4536-44CD-94F9-691FED55D846/WhatsDue.app/www/index.html
2014-12-21 20:54:06.178 WhatsDue[27674:2807058] Apache Cordova native platform version 3.7.0 is starting.
2014-12-21 20:54:06.179 WhatsDue[27674:2807058] Multi-tasking -> Device: YES, App: YES
2014-12-21 20:54:06.180 WhatsDue[27674:2807058] Unlimited access to network resources
2014-12-21 20:54:06.182 WhatsDue[27674:2807058] 

Started backup to iCloud! Please be careful.
Your application might be rejected by Apple if you store too much data.
For more information please read "iOS Data Storage Guidelines" at:
https://developer.apple.com/icloud/documentation/data-storage/
To disable web storage backup to iCloud, set the BackupWebStorage preference to "local" in the Cordova config.xml file

2014-12-21 20:54:06.388 WhatsDue[27674:2807058] [CDVTimer][keyboard] 0.068963ms
2014-12-21 20:54:06.388 WhatsDue[27674:2807058] [CDVTimer][localnotification] 0.048041ms
2014-12-21 20:54:06.388 WhatsDue[27674:2807058] [CDVTimer][localnotification] 0.007033ms
2014-12-21 20:54:06.410 WhatsDue[27674:2807058] [CDVTimer][splashscreen] 21.903992ms
2014-12-21 20:54:06.410 WhatsDue[27674:2807058] [CDVTimer][TotalPluginStartup] 22.674024ms
2014-12-21 20:54:06.436 WhatsDue[27674:2807058] active
2014-12-21 20:54:06.478 WhatsDue[27674:2807058] Resetting plugins due to page load.
2014-12-21 20:54:07.253 WhatsDue[27674:2807058] Finished load of: file:///Users/Dan/Library/Developer/CoreSimulator/Devices/A6C7657C-FD7E-4F98-A6FE-378409F42F60/data/Containers/Bundle/Application/F26D726A-0D4B-4E12-BE34-FCCA1F11CB4F/WhatsDue.app/www/index.html
2014-12-21 20:55:00.417 WhatsDue[27905:2808683] Apache Cordova native platform version 3.7.0 is starting.
2014-12-21 20:55:00.418 WhatsDue[27905:2808683] Multi-tasking -> Device: YES, App: YES
2014-12-21 20:55:00.419 WhatsDue[27905:2808683] Unlimited access to network resources
2014-12-21 20:55:00.422 WhatsDue[27905:2808683] 

Started backup to iCloud! Please be careful.
Your application might be rejected by Apple if you store too much data.
For more information please read "iOS Data Storage Guidelines" at:
https://developer.apple.com/icloud/documentation/data-storage/
To disable web storage backup to iCloud, set the BackupWebStorage preference to "local" in the Cordova config.xml file

2014-12-21 20:55:00.682 WhatsDue[27905:2808683] [CDVTimer][keyboard] 0.077009ms
2014-12-21 20:55:00.683 WhatsDue[27905:2808683] [CDVTimer][localnotification] 0.050008ms
2014-12-21 20:55:00.683 WhatsDue[27905:2808683] [CDVTimer][localnotification] 0.006020ms
2014-12-21 20:55:00.704 WhatsDue[27905:2808683] [CDVTimer][splashscreen] 21.430016ms
2014-12-21 20:55:00.704 WhatsDue[27905:2808683] [CDVTimer][TotalPluginStartup] 22.294044ms
2014-12-21 20:55:00.726 WhatsDue[27905:2808683] active
2014-12-21 20:55:00.770 WhatsDue[27905:2808683] Resetting plugins due to page load.
2014-12-21 20:55:01.349 WhatsDue[27905:2808683] Finished load of: file:///Users/Dan/Library/Developer/CoreSimulator/Devices/A6C7657C-FD7E-4F98-A6FE-378409F42F60/data/Containers/Bundle/Application/E8D87CA2-0C88-4E99-8C1D-35C6AAE1CA96/WhatsDue.app/www/index.html
2014-12-21 20:59:50.851 WhatsDue[28178:2816628] Apache Cordova native platform version 3.7.0 is starting.
2014-12-21 20:59:50.851 WhatsDue[28178:2816628] Multi-tasking -> Device: YES, App: YES
2014-12-21 20:59:50.853 WhatsDue[28178:2816628] Unlimited access to network resources
2014-12-21 20:59:50.855 WhatsDue[28178:2816628] 

Started backup to iCloud! Please be careful.
Your application might be rejected by Apple if you store too much data.
For more information please read "iOS Data Storage Guidelines" at:
https://developer.apple.com/icloud/documentation/data-storage/
To disable web storage backup to iCloud, set the BackupWebStorage preference to "local" in the Cordova config.xml file

2014-12-21 20:59:51.064 WhatsDue[28178:2816628] [CDVTimer][keyboard] 0.074983ms
2014-12-21 20:59:51.065 WhatsDue[28178:2816628] [CDVTimer][localnotification] 0.050962ms
2014-12-21 20:59:51.065 WhatsDue[28178:2816628] [CDVTimer][localnotification] 0.006974ms
2014-12-21 20:59:51.132 WhatsDue[28178:2816628] [CDVTimer][splashscreen] 67.377985ms
2014-12-21 20:59:51.132 WhatsDue[28178:2816628] [CDVTimer][TotalPluginStartup] 68.130016ms
2014-12-21 20:59:51.149 WhatsDue[28178:2816628] active
2014-12-21 20:59:51.228 WhatsDue[28178:2816628] Resetting plugins due to page load.
2014-12-21 20:59:51.903 WhatsDue[28178:2816628] Finished load of: file:///Users/Dan/Library/Developer/CoreSimulator/Devices/A6C7657C-FD7E-4F98-A6FE-378409F42F60/data/Containers/Bundle/Application/A9C6C021-4DCC-4736-995A-EC437EE66971/WhatsDue.app/www/index.html
2014-12-21 21:01:48.842 WhatsDue[28420:2819997] Apache Cordova native platform version 3.7.0 is starting.
2014-12-21 21:01:48.842 WhatsDue[28420:2819997] Multi-tasking -> Device: YES, App: YES
2014-12-21 21:01:48.843 WhatsDue[28420:2819997] Unlimited access to network resources
2014-12-21 21:01:48.846 WhatsDue[28420:2819997] 

Started backup to iCloud! Please be careful.
Your application might be rejected by Apple if you store too much data.
For more information please read "iOS Data Storage Guidelines" at:
https://developer.apple.com/icloud/documentation/data-storage/
To disable web storage backup to iCloud, set the BackupWebStorage preference to "local" in the Cordova config.xml file

2014-12-21 21:01:49.018 WhatsDue[28420:2819997] [CDVTimer][keyboard] 0.051975ms
2014-12-21 21:01:49.018 WhatsDue[28420:2819997] [CDVTimer][localnotification] 0.047982ms
2014-12-21 21:01:49.018 WhatsDue[28420:2819997] [CDVTimer][localnotification] 0.006974ms
2014-12-21 21:01:49.062 WhatsDue[28420:2819997] [CDVTimer][splashscreen] 43.102980ms
2014-12-21 21:01:49.062 WhatsDue[28420:2819997] [CDVTimer][TotalPluginStartup] 43.771029ms
2014-12-21 21:01:49.084 WhatsDue[28420:2819997] active
2014-12-21 21:01:49.135 WhatsDue[28420:2819997] Resetting plugins due to page load.
2014-12-21 21:01:49.741 WhatsDue[28420:2819997] Finished load of: file:///Users/Dan/Library/Developer/CoreSimulator/Devices/A6C7657C-FD7E-4F98-A6FE-378409F42F60/data/Containers/Bundle/Application/FB77FAD7-CA2B-4131-99CB-FF0B57552129/WhatsDue.app/www/index.html
2014-12-21 21:04:10.592 WhatsDue[28658:2823736] Apache Cordova native platform version 3.7.0 is starting.
2014-12-21 21:04:10.593 WhatsDue[28658:2823736] Multi-tasking -> Device: YES, App: YES
2014-12-21 21:04:10.594 WhatsDue[28658:2823736] Unlimited access to network resources
2014-12-21 21:04:10.597 WhatsDue[28658:2823736] 

Started backup to iCloud! Please be careful.
Your application might be rejected by Apple if you store too much data.
For more information please read "iOS Data Storage Guidelines" at:
https://developer.apple.com/icloud/documentation/data-storage/
To disable web storage backup to iCloud, set the BackupWebStorage preference to "local" in the Cordova config.xml file

2014-12-21 21:04:10.776 WhatsDue[28658:2823736] [CDVTimer][keyboard] 0.069022ms
2014-12-21 21:04:10.776 WhatsDue[28658:2823736] [CDVTimer][localnotification] 0.032961ms
2014-12-21 21:04:10.776 WhatsDue[28658:2823736] [CDVTimer][localnotification] 0.003994ms
2014-12-21 21:04:10.827 WhatsDue[28658:2823736] [CDVTimer][splashscreen] 51.028013ms
2014-12-21 21:04:10.828 WhatsDue[28658:2823736] [CDVTimer][TotalPluginStartup] 51.629007ms
2014-12-21 21:04:10.843 WhatsDue[28658:2823736] active
2014-12-21 21:04:10.916 WhatsDue[28658:2823736] Resetting plugins due to page load.
2014-12-21 21:04:11.491 WhatsDue[28658:2823736] Finished load of: file:///Users/Dan/Library/Developer/CoreSimulator/Devices/A6C7657C-FD7E-4F98-A6FE-378409F42F60/data/Containers/Bundle/Application/1C4CB20E-6556-4D47-B0C8-8A4AD6A91096/WhatsDue.app/www/index.html
2014-12-21 21:04:46.684 WhatsDue[28887:2825051] Apache Cordova native platform version 3.7.0 is starting.
2014-12-21 21:04:46.685 WhatsDue[28887:2825051] Multi-tasking -> Device: YES, App: YES
2014-12-21 21:04:46.687 WhatsDue[28887:2825051] Unlimited access to network resources
2014-12-21 21:04:46.689 WhatsDue[28887:2825051] 

Started backup to iCloud! Please be careful.
Your application might be rejected by Apple if you store too much data.
For more information please read "iOS Data Storage Guidelines" at:
https://developer.apple.com/icloud/documentation/data-storage/
To disable web storage backup to iCloud, set the BackupWebStorage preference to "local" in the Cordova config.xml file

2014-12-21 21:04:46.920 WhatsDue[28887:2825051] [CDVTimer][keyboard] 0.047982ms
2014-12-21 21:04:46.921 WhatsDue[28887:2825051] [CDVTimer][localnotification] 0.038028ms
2014-12-21 21:04:46.921 WhatsDue[28887:2825051] [CDVTimer][localnotification] 0.005960ms
2014-12-21 21:04:46.936 WhatsDue[28887:2825051] [CDVTimer][splashscreen] 15.501022ms
2014-12-21 21:04:46.936 WhatsDue[28887:2825051] [CDVTimer][TotalPluginStartup] 16.124010ms
2014-12-21 21:04:46.954 WhatsDue[28887:2825051] active
2014-12-21 21:04:47.014 WhatsDue[28887:2825051] Resetting plugins due to page load.
2014-12-21 21:04:47.589 WhatsDue[28887:2825051] Finished load of: file:///Users/Dan/Library/Developer/CoreSimulator/Devices/A6C7657C-FD7E-4F98-A6FE-378409F42F60/data/Containers/Bundle/Application/D1D608B5-D303-4FDB-ABA6-5539EE0A3078/WhatsDue.app/www/index.html
2014-12-21 21:08:29.061 WhatsDue[29134:2830817] Apache Cordova native platform version 3.7.0 is starting.
2014-12-21 21:08:29.062 WhatsDue[29134:2830817] Multi-tasking -> Device: YES, App: YES
2014-12-21 21:08:29.063 WhatsDue[29134:2830817] Unlimited access to network resources
2014-12-21 21:08:29.065 WhatsDue[29134:2830817] 

Started backup to iCloud! Please be careful.
Your application might be rejected by Apple if you store too much data.
For more information please read "iOS Data Storage Guidelines" at:
https://developer.apple.com/icloud/documentation/data-storage/
To disable web storage backup to iCloud, set the BackupWebStorage preference to "local" in the Cordova config.xml file

2014-12-21 21:08:29.248 WhatsDue[29134:2830817] [CDVTimer][keyboard] 0.054002ms
2014-12-21 21:08:29.248 WhatsDue[29134:2830817] [CDVTimer][localnotification] 0.048995ms
2014-12-21 21:08:29.248 WhatsDue[29134:2830817] [CDVTimer][localnotification] 0.007987ms
2014-12-21 21:08:29.302 WhatsDue[29134:2830817] [CDVTimer][splashscreen] 53.627014ms
2014-12-21 21:08:29.302 WhatsDue[29134:2830817] [CDVTimer][TotalPluginStartup] 54.300010ms
2014-12-21 21:08:29.320 WhatsDue[29134:2830817] active
2014-12-21 21:08:29.389 WhatsDue[29134:2830817] Resetting plugins due to page load.
2014-12-21 21:08:30.038 WhatsDue[29134:2830817] Finished load of: file:///Users/Dan/Library/Developer/CoreSimulator/Devices/A6C7657C-FD7E-4F98-A6FE-378409F42F60/data/Containers/Bundle/Application/B1C4CC8F-DE73-4C2B-865C-2902E5964539/WhatsDue.app/www/index.html
2014-12-21 21:09:10.028 WhatsDue[29368:2832212] Apache Cordova native platform version 3.7.0 is starting.
2014-12-21 21:09:10.029 WhatsDue[29368:2832212] Multi-tasking -> Device: YES, App: YES
2014-12-21 21:09:10.032 WhatsDue[29368:2832212] Unlimited access to network resources
2014-12-21 21:09:10.037 WhatsDue[29368:2832212] 

Started backup to iCloud! Please be careful.
Your application might be rejected by Apple if you store too much data.
For more information please read "iOS Data Storage Guidelines" at:
https://developer.apple.com/icloud/documentation/data-storage/
To disable web storage backup to iCloud, set the BackupWebStorage preference to "local" in the Cordova config.xml file

2014-12-21 21:09:10.303 WhatsDue[29368:2832212] [CDVTimer][keyboard] 0.074029ms
2014-12-21 21:09:10.303 WhatsDue[29368:2832212] [CDVTimer][localnotification] 0.051975ms
2014-12-21 21:09:10.303 WhatsDue[29368:2832212] [CDVTimer][localnotification] 0.004947ms
2014-12-21 21:09:10.336 WhatsDue[29368:2832212] [CDVTimer][splashscreen] 32.319963ms
2014-12-21 21:09:10.336 WhatsDue[29368:2832212] [CDVTimer][TotalPluginStartup] 33.273041ms
2014-12-21 21:09:10.366 WhatsDue[29368:2832212] active
2014-12-21 21:09:10.439 WhatsDue[29368:2832212] Resetting plugins due to page load.
2014-12-21 21:09:11.328 WhatsDue[29368:2832212] Finished load of: file:///Users/Dan/Library/Developer/CoreSimulator/Devices/A6C7657C-FD7E-4F98-A6FE-378409F42F60/data/Containers/Bundle/Application/F5E765DC-1480-4AB2-BED1-3E42878BE6C1/WhatsDue.app/www/index.html
2014-12-21 21:13:23.869 WhatsDue[29633:2848633] Apache Cordova native platform version 3.7.0 is starting.
2014-12-21 21:13:23.869 WhatsDue[29633:2848633] Multi-tasking -> Device: YES, App: YES
2014-12-21 21:13:23.871 WhatsDue[29633:2848633] Unlimited access to network resources
2014-12-21 21:13:23.873 WhatsDue[29633:2848633] 

Started backup to iCloud! Please be careful.
Your application might be rejected by Apple if you store too much data.
For more information please read "iOS Data Storage Guidelines" at:
https://developer.apple.com/icloud/documentation/data-storage/
To disable web storage backup to iCloud, set the BackupWebStorage preference to "local" in the Cordova config.xml file

2014-12-21 21:13:24.058 WhatsDue[29633:2848633] [CDVTimer][keyboard] 0.051022ms
2014-12-21 21:13:24.059 WhatsDue[29633:2848633] [CDVTimer][localnotification] 0.037014ms
2014-12-21 21:13:24.059 WhatsDue[29633:2848633] [CDVTimer][localnotification] 0.005960ms
2014-12-21 21:13:24.112 WhatsDue[29633:2848633] [CDVTimer][splashscreen] 53.445041ms
2014-12-21 21:13:24.112 WhatsDue[29633:2848633] [CDVTimer][TotalPluginStartup] 54.118991ms
2014-12-21 21:13:24.136 WhatsDue[29633:2848633] active
2014-12-21 21:13:24.199 WhatsDue[29633:2848633] Resetting plugins due to page load.
2014-12-21 21:13:24.895 WhatsDue[29633:2848633] Finished load of: file:///Users/Dan/Library/Developer/CoreSimulator/Devices/A6C7657C-FD7E-4F98-A6FE-378409F42F60/data/Containers/Bundle/Application/3B83E5F1-D0F4-478E-8180-917069FFD5A7/WhatsDue.app/www/index.html
2014-12-21 21:14:25.678 WhatsDue[29864:2851467] Apache Cordova native platform version 3.7.0 is starting.
2014-12-21 21:14:25.679 WhatsDue[29864:2851467] Multi-tasking -> Device: YES, App: YES
2014-12-21 21:14:25.681 WhatsDue[29864:2851467] Unlimited access to network resources
2014-12-21 21:14:25.684 WhatsDue[29864:2851467] 

Started backup to iCloud! Please be careful.
Your application might be rejected by Apple if you store too much data.
For more information please read "iOS Data Storage Guidelines" at:
https://developer.apple.com/icloud/documentation/data-storage/
To disable web storage backup to iCloud, set the BackupWebStorage preference to "local" in the Cordova config.xml file

2014-12-21 21:14:25.879 WhatsDue[29864:2851467] [CDVTimer][keyboard] 0.064969ms
2014-12-21 21:14:25.879 WhatsDue[29864:2851467] [CDVTimer][localnotification] 0.048041ms
2014-12-21 21:14:25.880 WhatsDue[29864:2851467] [CDVTimer][localnotification] 0.006020ms
2014-12-21 21:14:25.974 WhatsDue[29864:2851467] [CDVTimer][splashscreen] 94.628990ms
2014-12-21 21:14:25.974 WhatsDue[29864:2851467] [CDVTimer][TotalPluginStartup] 95.357001ms
2014-12-21 21:14:25.994 WhatsDue[29864:2851467] active
2014-12-21 21:14:26.104 WhatsDue[29864:2851467] Resetting plugins due to page load.
2014-12-21 21:14:26.795 WhatsDue[29864:2851467] Finished load of: file:///Users/Dan/Library/Developer/CoreSimulator/Devices/A6C7657C-FD7E-4F98-A6FE-378409F42F60/data/Containers/Bundle/Application/1D5FE9DA-26A2-49D1-B9E8-91FE333CA364/WhatsDue.app/www/index.html
2014-12-21 21:18:24.798 WhatsDue[30127:2859856] Apache Cordova native platform version 3.7.0 is starting.
2014-12-21 21:18:24.798 WhatsDue[30127:2859856] Multi-tasking -> Device: YES, App: YES
2014-12-21 21:18:24.800 WhatsDue[30127:2859856] Unlimited access to network resources
2014-12-21 21:18:24.802 WhatsDue[30127:2859856] 

Started backup to iCloud! Please be careful.
Your application might be rejected by Apple if you store too much data.
For more information please read "iOS Data Storage Guidelines" at:
https://developer.apple.com/icloud/documentation/data-storage/
To disable web storage backup to iCloud, set the BackupWebStorage preference to "local" in the Cordova config.xml file

2014-12-21 21:18:25.021 WhatsDue[30127:2859856] [CDVTimer][keyboard] 0.083029ms
2014-12-21 21:18:25.021 WhatsDue[30127:2859856] [CDVTimer][localnotification] 0.047982ms
2014-12-21 21:18:25.021 WhatsDue[30127:2859856] [CDVTimer][localnotification] 0.007033ms
2014-12-21 21:18:25.081 WhatsDue[30127:2859856] [CDVTimer][splashscreen] 59.597969ms
2014-12-21 21:18:25.081 WhatsDue[30127:2859856] [CDVTimer][TotalPluginStartup] 60.333014ms
2014-12-21 21:18:25.098 WhatsDue[30127:2859856] active
2014-12-21 21:18:25.168 WhatsDue[30127:2859856] Resetting plugins due to page load.
2014-12-21 21:18:25.836 WhatsDue[30127:2859856] Finished load of: file:///Users/Dan/Library/Developer/CoreSimulator/Devices/A6C7657C-FD7E-4F98-A6FE-378409F42F60/data/Containers/Bundle/Application/A9D2C637-039F-42CD-BDF0-E08488B35875/WhatsDue.app/www/index.html
2014-12-21 21:22:12.653 WhatsDue[30382:2866712] Apache Cordova native platform version 3.7.0 is starting.
2014-12-21 21:22:12.654 WhatsDue[30382:2866712] Multi-tasking -> Device: YES, App: YES
2014-12-21 21:22:12.655 WhatsDue[30382:2866712] Unlimited access to network resources
2014-12-21 21:22:12.657 WhatsDue[30382:2866712] 

Started backup to iCloud! Please be careful.
Your application might be rejected by Apple if you store too much data.
For more information please read "iOS Data Storage Guidelines" at:
https://developer.apple.com/icloud/documentation/data-storage/
To disable web storage backup to iCloud, set the BackupWebStorage preference to "local" in the Cordova config.xml file

2014-12-21 21:22:12.836 WhatsDue[30382:2866712] [CDVTimer][keyboard] 0.050008ms
2014-12-21 21:22:12.836 WhatsDue[30382:2866712] [CDVTimer][localnotification] 0.041008ms
2014-12-21 21:22:12.836 WhatsDue[30382:2866712] [CDVTimer][localnotification] 0.006020ms
2014-12-21 21:22:12.882 WhatsDue[30382:2866712] [CDVTimer][splashscreen] 45.733988ms
2014-12-21 21:22:12.882 WhatsDue[30382:2866712] [CDVTimer][TotalPluginStartup] 46.326995ms
2014-12-21 21:22:12.904 WhatsDue[30382:2866712] active
2014-12-21 21:22:12.974 WhatsDue[30382:2866712] Resetting plugins due to page load.
2014-12-21 21:22:13.588 WhatsDue[30382:2866712] Finished load of: file:///Users/Dan/Library/Developer/CoreSimulator/Devices/A6C7657C-FD7E-4F98-A6FE-378409F42F60/data/Containers/Bundle/Application/ADB804DD-332E-4A38-974A-A7A6931B1B48/WhatsDue.app/www/index.html
2014-12-21 21:22:57.221 WhatsDue[30613:2868586] Apache Cordova native platform version 3.7.0 is starting.
2014-12-21 21:22:57.222 WhatsDue[30613:2868586] Multi-tasking -> Device: YES, App: YES
2014-12-21 21:22:57.223 WhatsDue[30613:2868586] Unlimited access to network resources
2014-12-21 21:22:57.226 WhatsDue[30613:2868586] 

Started backup to iCloud! Please be careful.
Your application might be rejected by Apple if you store too much data.
For more information please read "iOS Data Storage Guidelines" at:
https://developer.apple.com/icloud/documentation/data-storage/
To disable web storage backup to iCloud, set the BackupWebStorage preference to "local" in the Cordova config.xml file

2014-12-21 21:22:57.399 WhatsDue[30613:2868586] [CDVTimer][keyboard] 0.048995ms
2014-12-21 21:22:57.400 WhatsDue[30613:2868586] [CDVTimer][localnotification] 0.045002ms
2014-12-21 21:22:57.400 WhatsDue[30613:2868586] [CDVTimer][localnotification] 0.007033ms
2014-12-21 21:22:57.443 WhatsDue[30613:2868586] [CDVTimer][splashscreen] 42.903006ms
2014-12-21 21:22:57.443 WhatsDue[30613:2868586] [CDVTimer][TotalPluginStartup] 43.526053ms
2014-12-21 21:22:57.459 WhatsDue[30613:2868586] active
2014-12-21 21:22:57.583 WhatsDue[30613:2868586] Resetting plugins due to page load.
2014-12-21 21:22:58.257 WhatsDue[30613:2868586] Finished load of: file:///Users/Dan/Library/Developer/CoreSimulator/Devices/A6C7657C-FD7E-4F98-A6FE-378409F42F60/data/Containers/Bundle/Application/109B5669-FC70-4744-9D97-485A30F7BEEE/WhatsDue.app/www/index.html
2014-12-21 21:25:27.564 WhatsDue[30856:2873294] Apache Cordova native platform version 3.7.0 is starting.
2014-12-21 21:25:27.565 WhatsDue[30856:2873294] Multi-tasking -> Device: YES, App: YES
2014-12-21 21:25:27.566 WhatsDue[30856:2873294] Unlimited access to network resources
2014-12-21 21:25:27.568 WhatsDue[30856:2873294] 

Started backup to iCloud! Please be careful.
Your application might be rejected by Apple if you store too much data.
For more information please read "iOS Data Storage Guidelines" at:
https://developer.apple.com/icloud/documentation/data-storage/
To disable web storage backup to iCloud, set the BackupWebStorage preference to "local" in the Cordova config.xml file

2014-12-21 21:25:27.754 WhatsDue[30856:2873294] [CDVTimer][keyboard] 0.093997ms
2014-12-21 21:25:27.755 WhatsDue[30856:2873294] [CDVTimer][localnotification] 0.050962ms
2014-12-21 21:25:27.755 WhatsDue[30856:2873294] [CDVTimer][localnotification] 0.006974ms
2014-12-21 21:25:27.807 WhatsDue[30856:2873294] [CDVTimer][splashscreen] 51.652014ms
2014-12-21 21:25:27.807 WhatsDue[30856:2873294] [CDVTimer][TotalPluginStartup] 52.703977ms
2014-12-21 21:25:27.829 WhatsDue[30856:2873294] active
2014-12-21 21:25:27.899 WhatsDue[30856:2873294] Resetting plugins due to page load.
2014-12-21 21:25:28.694 WhatsDue[30856:2873294] Finished load of: file:///Users/Dan/Library/Developer/CoreSimulator/Devices/A6C7657C-FD7E-4F98-A6FE-378409F42F60/data/Containers/Bundle/Application/92DDB7A7-9DCE-47EA-A9FF-793CCD16E8FF/WhatsDue.app/www/index.html
2014-12-21 21:31:02.079 WhatsDue[31124:2883683] Apache Cordova native platform version 3.7.0 is starting.
2014-12-21 21:31:02.080 WhatsDue[31124:2883683] Multi-tasking -> Device: YES, App: YES
2014-12-21 21:31:02.082 WhatsDue[31124:2883683] Unlimited access to network resources
2014-12-21 21:31:02.084 WhatsDue[31124:2883683] 

Started backup to iCloud! Please be careful.
Your application might be rejected by Apple if you store too much data.
For more information please read "iOS Data Storage Guidelines" at:
https://developer.apple.com/icloud/documentation/data-storage/
To disable web storage backup to iCloud, set the BackupWebStorage preference to "local" in the Cordova config.xml file

2014-12-21 21:31:02.420 WhatsDue[31124:2883683] [CDVTimer][keyboard] 0.046968ms
2014-12-21 21:31:02.420 WhatsDue[31124:2883683] [CDVTimer][localnotification] 0.032008ms
2014-12-21 21:31:02.420 WhatsDue[31124:2883683] [CDVTimer][localnotification] 0.006020ms
2014-12-21 21:31:02.587 WhatsDue[31124:2883683] [CDVTimer][splashscreen] 166.877031ms
2014-12-21 21:31:02.587 WhatsDue[31124:2883683] [CDVTimer][TotalPluginStartup] 167.481005ms
2014-12-21 21:31:02.610 WhatsDue[31124:2883683] active
2014-12-21 21:31:02.797 WhatsDue[31124:2883683] Resetting plugins due to page load.
2014-12-21 21:31:03.478 WhatsDue[31124:2883683] Finished load of: file:///Users/Dan/Library/Developer/CoreSimulator/Devices/A6C7657C-FD7E-4F98-A6FE-378409F42F60/data/Containers/Bundle/Application/DEE6528C-77AC-4279-871E-DE1E144D2261/WhatsDue.app/www/index.html
2014-12-21 21:32:10.167 WhatsDue[31356:2886167] Apache Cordova native platform version 3.7.0 is starting.
2014-12-21 21:32:10.168 WhatsDue[31356:2886167] Multi-tasking -> Device: YES, App: YES
2014-12-21 21:32:10.169 WhatsDue[31356:2886167] Unlimited access to network resources
2014-12-21 21:32:10.172 WhatsDue[31356:2886167] 

Started backup to iCloud! Please be careful.
Your application might be rejected by Apple if you store too much data.
For more information please read "iOS Data Storage Guidelines" at:
https://developer.apple.com/icloud/documentation/data-storage/
To disable web storage backup to iCloud, set the BackupWebStorage preference to "local" in the Cordova config.xml file

2014-12-21 21:32:10.347 WhatsDue[31356:2886167] [CDVTimer][keyboard] 0.052989ms
2014-12-21 21:32:10.347 WhatsDue[31356:2886167] [CDVTimer][localnotification] 0.036001ms
2014-12-21 21:32:10.347 WhatsDue[31356:2886167] [CDVTimer][localnotification] 0.003994ms
2014-12-21 21:32:10.363 WhatsDue[31356:2886167] [CDVTimer][splashscreen] 15.282035ms
2014-12-21 21:32:10.363 WhatsDue[31356:2886167] [CDVTimer][TotalPluginStartup] 15.888989ms
2014-12-21 21:32:10.380 WhatsDue[31356:2886167] active
2014-12-21 21:32:10.418 WhatsDue[31356:2886167] Resetting plugins due to page load.
2014-12-21 21:32:11.194 WhatsDue[31356:2886167] Finished load of: file:///Users/Dan/Library/Developer/CoreSimulator/Devices/A6C7657C-FD7E-4F98-A6FE-378409F42F60/data/Containers/Bundle/Application/BFA379BB-BF46-4136-B2B7-92C29B8385E1/WhatsDue.app/www/index.html
2014-12-22 11:22:02.086 WhatsDue[44985:3073889] Apache Cordova native platform version 3.7.0 is starting.
2014-12-22 11:22:02.087 WhatsDue[44985:3073889] Multi-tasking -> Device: YES, App: YES
2014-12-22 11:22:02.090 WhatsDue[44985:3073889] Unlimited access to network resources
2014-12-22 11:22:02.093 WhatsDue[44985:3073889] 

Started backup to iCloud! Please be careful.
Your application might be rejected by Apple if you store too much data.
For more information please read "iOS Data Storage Guidelines" at:
https://developer.apple.com/icloud/documentation/data-storage/
To disable web storage backup to iCloud, set the BackupWebStorage preference to "local" in the Cordova config.xml file

2014-12-22 11:22:02.314 WhatsDue[44985:3073889] [CDVTimer][keyboard] 0.084996ms
2014-12-22 11:22:02.314 WhatsDue[44985:3073889] [CDVTimer][localnotification] 0.033975ms
2014-12-22 11:22:02.314 WhatsDue[44985:3073889] [CDVTimer][localnotification] 0.006020ms
2014-12-22 11:22:02.348 WhatsDue[44985:3073889] [CDVTimer][splashscreen] 33.091009ms
2014-12-22 11:22:02.348 WhatsDue[44985:3073889] [CDVTimer][TotalPluginStartup] 33.806026ms
2014-12-22 11:22:02.369 WhatsDue[44985:3073889] active
2014-12-22 11:22:02.445 WhatsDue[44985:3073889] Resetting plugins due to page load.
2014-12-22 11:22:02.972 WhatsDue[44985:3073889] Finished load of: file:///Users/Dan/Library/Developer/CoreSimulator/Devices/A6C7657C-FD7E-4F98-A6FE-378409F42F60/data/Containers/Bundle/Application/BF600D19-B046-4E5A-87E5-44204435F108/WhatsDue.app/www/index.html
2015-01-15 19:22:04.112 WhatsDue[25324:814147] Apache Cordova native platform version 3.7.0 is starting.
2015-01-15 19:22:04.116 WhatsDue[25324:814147] Multi-tasking -> Device: YES, App: YES
2015-01-15 19:22:04.126 WhatsDue[25324:814147] Unlimited access to network resources
2015-01-15 19:22:04.136 WhatsDue[25324:814147] 

Started backup to iCloud! Please be careful.
Your application might be rejected by Apple if you store too much data.
For more information please read "iOS Data Storage Guidelines" at:
https://developer.apple.com/icloud/documentation/data-storage/
To disable web storage backup to iCloud, set the BackupWebStorage preference to "local" in the Cordova config.xml file

2015-01-15 19:22:04.555 WhatsDue[25324:814147] [CDVTimer][keyboard] 0.052035ms
2015-01-15 19:22:04.555 WhatsDue[25324:814147] [CDVTimer][localnotification] 0.052035ms
2015-01-15 19:22:04.555 WhatsDue[25324:814147] [CDVTimer][localnotification] 0.006020ms
2015-01-15 19:22:04.711 WhatsDue[25324:814147] [CDVTimer][socialsharing] 155.991018ms
2015-01-15 19:22:04.712 WhatsDue[25324:814147] [CDVTimer][TotalPluginStartup] 156.724036ms
2015-01-15 19:22:04.816 WhatsDue[25324:814147] active
2015-01-15 19:22:05.500 WhatsDue[25324:814147] Resetting plugins due to page load.
2015-01-15 19:22:06.072 WhatsDue[25324:814147] Finished load of: file:///Users/Dan/Library/Developer/CoreSimulator/Devices/A6C7657C-FD7E-4F98-A6FE-378409F42F60/data/Containers/Bundle/Application/7289B7E5-6E9E-4F56-82C3-2F60093E806D/WhatsDue.app/www/index.html
2015-01-15 19:22:42.474 WhatsDue[25608:815536] Apache Cordova native platform version 3.7.0 is starting.
2015-01-15 19:22:42.475 WhatsDue[25608:815536] Multi-tasking -> Device: YES, App: YES
2015-01-15 19:22:42.476 WhatsDue[25608:815536] Unlimited access to network resources
2015-01-15 19:22:42.478 WhatsDue[25608:815536] 

Started backup to iCloud! Please be careful.
Your application might be rejected by Apple if you store too much data.
For more information please read "iOS Data Storage Guidelines" at:
https://developer.apple.com/icloud/documentation/data-storage/
To disable web storage backup to iCloud, set the BackupWebStorage preference to "local" in the Cordova config.xml file

2015-01-15 19:22:42.658 WhatsDue[25608:815536] [CDVTimer][keyboard] 0.078976ms
2015-01-15 19:22:42.658 WhatsDue[25608:815536] [CDVTimer][localnotification] 0.050962ms
2015-01-15 19:22:42.658 WhatsDue[25608:815536] [CDVTimer][localnotification] 0.006020ms
2015-01-15 19:22:42.745 WhatsDue[25608:815536] [CDVTimer][socialsharing] 86.387038ms
2015-01-15 19:22:42.745 WhatsDue[25608:815536] [CDVTimer][TotalPluginStartup] 87.141991ms
2015-01-15 19:22:42.771 WhatsDue[25608:815536] active
2015-01-15 19:22:42.807 WhatsDue[25608:815536] Resetting plugins due to page load.
2015-01-15 19:22:43.605 WhatsDue[25608:815536] Finished load of: file:///Users/Dan/Library/Developer/CoreSimulator/Devices/A6C7657C-FD7E-4F98-A6FE-378409F42F60/data/Containers/Bundle/Application/4AFD157B-6147-4F37-BE96-D487B149F926/WhatsDue.app/www/index.html
2015-01-15 19:22:54.789 WhatsDue[25608:815536] ERROR: Method 'show:' not defined in Plugin 'Keyboard'
2015-01-15 19:22:54.789 WhatsDue[25608:815536] -[CDVCommandQueue executePending] [Line 158] FAILED pluginJSON = [
  "INVALID",
  "Keyboard",
  "show",
  [

  ]
]
2015-01-15 19:23:01.783 WhatsDue[25608:815536] ERROR: Method 'show:' not defined in Plugin 'Keyboard'
2015-01-15 19:23:01.783 WhatsDue[25608:815536] -[CDVCommandQueue executePending] [Line 158] FAILED pluginJSON = [
  "INVALID",
  "Keyboard",
  "show",
  [

  ]
]
2015-01-15 19:23:13.673 WhatsDue[25608:815536] ERROR: Method 'show:' not defined in Plugin 'Keyboard'
2015-01-15 19:23:13.673 WhatsDue[25608:815536] -[CDVCommandQueue executePending] [Line 158] FAILED pluginJSON = [
  "INVALID",
  "Keyboard",
  "show",
  [

  ]
]
2015-01-15 19:23:19.165 WhatsDue[25608:815536] ERROR: Method 'show:' not defined in Plugin 'Keyboard'
2015-01-15 19:23:19.165 WhatsDue[25608:815536] -[CDVCommandQueue executePending] [Line 158] FAILED pluginJSON = [
  "INVALID",
  "Keyboard",
  "show",
  [

  ]
]
2015-01-15 19:23:32.394 WhatsDue[25837:816544] Apache Cordova native platform version 3.7.0 is starting.
2015-01-15 19:23:32.395 WhatsDue[25837:816544] Multi-tasking -> Device: YES, App: YES
2015-01-15 19:23:32.397 WhatsDue[25837:816544] Unlimited access to network resources
2015-01-15 19:23:32.401 WhatsDue[25837:816544] 

Started backup to iCloud! Please be careful.
Your application might be rejected by Apple if you store too much data.
For more information please read "iOS Data Storage Guidelines" at:
https://developer.apple.com/icloud/documentation/data-storage/
To disable web storage backup to iCloud, set the BackupWebStorage preference to "local" in the Cordova config.xml file

2015-01-15 19:23:32.635 WhatsDue[25837:816544] [CDVTimer][keyboard] 0.070989ms
2015-01-15 19:23:32.635 WhatsDue[25837:816544] [CDVTimer][localnotification] 0.049949ms
2015-01-15 19:23:32.635 WhatsDue[25837:816544] [CDVTimer][localnotification] 0.006020ms
2015-01-15 19:23:32.709 WhatsDue[25837:816544] [CDVTimer][socialsharing] 74.242949ms
2015-01-15 19:23:32.710 WhatsDue[25837:816544] [CDVTimer][TotalPluginStartup] 74.979007ms
2015-01-15 19:23:32.724 WhatsDue[25837:816544] active
2015-01-15 19:23:32.755 WhatsDue[25837:816544] Resetting plugins due to page load.
2015-01-15 19:23:33.575 WhatsDue[25837:816544] Finished load of: file:///Users/Dan/Library/Developer/CoreSimulator/Devices/A6C7657C-FD7E-4F98-A6FE-378409F42F60/data/Containers/Bundle/Application/417DB79E-BB78-4C5B-9A70-C9B7AEDF25B7/WhatsDue.app/www/index.html
2015-01-15 19:23:59.177 WhatsDue[26061:817279] Apache Cordova native platform version 3.7.0 is starting.
2015-01-15 19:23:59.177 WhatsDue[26061:817279] Multi-tasking -> Device: YES, App: YES
2015-01-15 19:23:59.179 WhatsDue[26061:817279] Unlimited access to network resources
2015-01-15 19:23:59.181 WhatsDue[26061:817279] 

Started backup to iCloud! Please be careful.
Your application might be rejected by Apple if you store too much data.
For more information please read "iOS Data Storage Guidelines" at:
https://developer.apple.com/icloud/documentation/data-storage/
To disable web storage backup to iCloud, set the BackupWebStorage preference to "local" in the Cordova config.xml file

2015-01-15 19:23:59.345 WhatsDue[26061:817279] [CDVTimer][keyboard] 0.050008ms
2015-01-15 19:23:59.345 WhatsDue[26061:817279] [CDVTimer][localnotification] 0.055969ms
2015-01-15 19:23:59.345 WhatsDue[26061:817279] [CDVTimer][localnotification] 0.007033ms
2015-01-15 19:23:59.425 WhatsDue[26061:817279] [CDVTimer][socialsharing] 79.550028ms
2015-01-15 19:23:59.425 WhatsDue[26061:817279] [CDVTimer][TotalPluginStartup] 80.233991ms
2015-01-15 19:23:59.435 WhatsDue[26061:817279] active
2015-01-15 19:23:59.477 WhatsDue[26061:817279] Resetting plugins due to page load.
2015-01-15 19:24:00.202 WhatsDue[26061:817279] Finished load of: file:///Users/Dan/Library/Developer/CoreSimulator/Devices/A6C7657C-FD7E-4F98-A6FE-378409F42F60/data/Containers/Bundle/Application/5464F261-43ED-422D-9070-A0C615EB9401/WhatsDue.app/www/index.html
2015-01-15 19:25:22.773 WhatsDue[26294:818196] Apache Cordova native platform version 3.7.0 is starting.
2015-01-15 19:25:22.773 WhatsDue[26294:818196] Multi-tasking -> Device: YES, App: YES
2015-01-15 19:25:22.775 WhatsDue[26294:818196] Unlimited access to network resources
2015-01-15 19:25:22.777 WhatsDue[26294:818196] 

Started backup to iCloud! Please be careful.
Your application might be rejected by Apple if you store too much data.
For more information please read "iOS Data Storage Guidelines" at:
https://developer.apple.com/icloud/documentation/data-storage/
To disable web storage backup to iCloud, set the BackupWebStorage preference to "local" in the Cordova config.xml file

2015-01-15 19:25:22.931 WhatsDue[26294:818196] [CDVTimer][keyboard] 0.048041ms
2015-01-15 19:25:22.931 WhatsDue[26294:818196] [CDVTimer][localnotification] 0.038028ms
2015-01-15 19:25:22.931 WhatsDue[26294:818196] [CDVTimer][localnotification] 0.002980ms
2015-01-15 19:25:23.004 WhatsDue[26294:818196] [CDVTimer][socialsharing] 72.407007ms
2015-01-15 19:25:23.004 WhatsDue[26294:818196] [CDVTimer][TotalPluginStartup] 73.033035ms
2015-01-15 19:25:23.016 WhatsDue[26294:818196] active
2015-01-15 19:25:23.078 WhatsDue[26294:818196] Resetting plugins due to page load.
2015-01-15 19:25:23.879 WhatsDue[26294:818196] Finished load of: file:///Users/Dan/Library/Developer/CoreSimulator/Devices/A6C7657C-FD7E-4F98-A6FE-378409F42F60/data/Containers/Bundle/Application/15D80665-C682-4774-BE4F-299FA3EB9092/WhatsDue.app/www/index.html
2015-01-15 19:25:46.273 WhatsDue[26518:818877] Apache Cordova native platform version 3.7.0 is starting.
2015-01-15 19:25:46.274 WhatsDue[26518:818877] Multi-tasking -> Device: YES, App: YES
2015-01-15 19:25:46.275 WhatsDue[26518:818877] Unlimited access to network resources
2015-01-15 19:25:46.277 WhatsDue[26518:818877] 

Started backup to iCloud! Please be careful.
Your application might be rejected by Apple if you store too much data.
For more information please read "iOS Data Storage Guidelines" at:
https://developer.apple.com/icloud/documentation/data-storage/
To disable web storage backup to iCloud, set the BackupWebStorage preference to "local" in the Cordova config.xml file

2015-01-15 19:25:46.435 WhatsDue[26518:818877] [CDVTimer][keyboard] 0.050008ms
2015-01-15 19:25:46.435 WhatsDue[26518:818877] [CDVTimer][localnotification] 0.043988ms
2015-01-15 19:25:46.435 WhatsDue[26518:818877] [CDVTimer][localnotification] 0.006020ms
2015-01-15 19:25:46.505 WhatsDue[26518:818877] [CDVTimer][socialsharing] 70.517004ms
2015-01-15 19:25:46.506 WhatsDue[26518:818877] [CDVTimer][TotalPluginStartup] 71.133971ms
2015-01-15 19:25:46.515 WhatsDue[26518:818877] active
2015-01-15 19:25:46.550 WhatsDue[26518:818877] Resetting plugins due to page load.
2015-01-15 19:25:47.209 WhatsDue[26518:818877] Finished load of: file:///Users/Dan/Library/Developer/CoreSimulator/Devices/A6C7657C-FD7E-4F98-A6FE-378409F42F60/data/Containers/Bundle/Application/A47143C3-2261-4232-B44B-E7B704874615/WhatsDue.app/www/index.html
2015-04-07 18:15:19.635 WhatsDue[11649:588932] DiskCookieStorage changing policy from 2 to 0, cookie file: file:///Users/Dan/Library/Developer/CoreSimulator/Devices/D1ACBFB6-290D-4A6D-82CD-63EDF3C6149D/data/Containers/Data/Application/E16E1777-77BF-4A58-9231-4ED299DF0DCF/Library/Cookies/Cookies.binarycookies
2015-04-07 18:15:19.886 WhatsDue[11649:588932] Apache Cordova native platform version 3.7.0 is starting.
2015-04-07 18:15:19.887 WhatsDue[11649:588932] Multi-tasking -> Device: YES, App: YES
2015-04-07 18:15:19.904 WhatsDue[11649:588932] Unlimited access to network resources
2015-04-07 18:15:20.233 WhatsDue[11649:588932] [CDVTimer][keyboard] 0.084996ms
2015-04-07 18:15:20.233 WhatsDue[11649:588932] [CDVTimer][localnotification] 0.293016ms
2015-04-07 18:15:20.234 WhatsDue[11649:588932] [CDVTimer][localnotification] 0.005007ms
2015-04-07 18:15:20.300 WhatsDue[11649:588932] [CDVTimer][socialsharing] 66.695988ms
2015-04-07 18:15:20.301 WhatsDue[11649:588932] [CDVTimer][TotalPluginStartup] 67.712009ms
2015-04-07 18:15:20.329 WhatsDue[11649:588932] active
2015-04-07 18:15:20.502 WhatsDue[11649:588932] Resetting plugins due to page load.
2015-04-07 18:15:21.268 WhatsDue[11649:588932] Finished load of: file:///Users/Dan/Library/Developer/CoreSimulator/Devices/D1ACBFB6-290D-4A6D-82CD-63EDF3C6149D/data/Containers/Bundle/Application/A0BDA80B-1A5F-463B-8856-CDD5B95AB04B/WhatsDue.app/www/index.html
